<?xml version="1.0" encoding="UTF-8"?>
<testsuite name="MoneyTest" tests="10" skipped="0" failures="0" errors="0" timestamp="2020-05-20T13:07:46" hostname="niihonoMBP" time="0.262">
  <properties/>
  <testcase name="testReduceSum" classname="MoneyTest" time="0.237"/>
  <testcase name="testSimpleAddition" classname="MoneyTest" time="0.003"/>
  <testcase name="testSumTimes" classname="MoneyTest" time="0.003"/>
  <testcase name="testMultiplication" classname="MoneyTest" time="0.003"/>
  <testcase name="testMixedAddition" classname="MoneyTest" time="0.0"/>
  <testcase name="testReduceMoney" classname="MoneyTest" time="0.0"/>
  <testcase name="testSumPlusMonetY" classname="MoneyTest" time="0.001"/>
  <testcase name="testCurrency" classname="MoneyTest" time="0.001"/>
  <testcase name="testEquality" classname="MoneyTest" time="0.001"/>
  <testcase name="testReduceMoneyDifferentCurrency" classname="MoneyTest" time="0.0"/>
  <system-out><![CDATA[]]></system-out>
  <system-err><![CDATA[]]></system-err>
</testsuite>
