<?xml version="1.0" encoding="UTF-8"?>
<testsuite name="MoneyTest" tests="4" skipped="0" failures="0" errors="0" timestamp="2020-05-18T14:03:43" hostname="niihonoMBP" time="0.339">
  <properties/>
  <testcase name="testMultiplication" classname="MoneyTest" time="0.332"/>
  <testcase name="testFrancMultiplication" classname="MoneyTest" time="0.005"/>
  <testcase name="testCurrency" classname="MoneyTest" time="0.0"/>
  <testcase name="testEquality" classname="MoneyTest" time="0.0"/>
  <system-out><![CDATA[]]></system-out>
  <system-err><![CDATA[]]></system-err>
</testsuite>
